[debug] [2024-03-22T05:15:24.128Z] ----------------------------------------------------------------------
[debug] [2024-03-22T05:15:24.132Z] Command:       C:\Program Files\node js\node.exe C:\Users\Sharley Angel\AppData\Roaming\npm\node_modules\firebase-tools\lib\bin\firebase.js init
[debug] [2024-03-22T05:15:24.132Z] CLI Version:   13.4.0
[debug] [2024-03-22T05:15:24.133Z] Platform:      win32
[debug] [2024-03-22T05:15:24.133Z] Node Version:  v18.13.0
[debug] [2024-03-22T05:15:24.197Z] Time:          Fri Mar 22 2024 10:45:24 GMT+0530 (India Standard Time)
[debug] [2024-03-22T05:15:24.198Z] ----------------------------------------------------------------------
[debug] 
[debug] [2024-03-22T05:15:24.294Z] > command requires scopes: ["email","openid","https://www.googleapis.com/auth/cloudplatformprojects.readonly","https://www.googleapis.com/auth/firebase","https://www.googleapis.com/auth/cloud-platform"]
[debug] [2024-03-22T05:15:24.294Z] > authorizing via signed-in user (2k19cse020@kiot.ac.in)
[info] 
     ######## #### ########  ######## ########     ###     ######  ########
     ##        ##  ##     ## ##       ##     ##  ##   ##  ##       ##
     ######    ##  ########  ######   ########  #########  ######  ######
     ##        ##  ##    ##  ##       ##     ## ##     ##       ## ##
     ##       #### ##     ## ######## ########  ##     ##  ######  ########

You're about to initialize a Firebase project in this directory:

  D:\Courses\React js\React Full Course\expense-tracker

Before we get started, keep in mind:

  * You are initializing within an existing Firebase project directory

